# JRE version: OpenJDK Runtime Environment (17.0.7) (build 17.0.7+0-b2043.56-10550314)
# Java VM: OpenJDK 64-Bit Server VM (17.0.7+0-b2043.56-10550314, mixed mode, tiered, compressed oops, compressed class ptrs, g1 gc, windows-amd64)
GC Precious Log:
 CPUs: 2 total, 2 available
 Memory: 6060M
 Large Page Support: Disabled
 NUMA Support: Disabled
 Compressed Oops: Enabled (32-bit)
 Heap Region Size: 1M
 Heap Min Capacity: 8M
 Heap Initial Capacity: 96M
 Heap Max Capacity: 2G
 Pre-touch: Disabled
 Parallel Workers: 2
 Concurrent Workers: 1
 Concurrent Refinement Workers: 2
 Periodic GC: Disabled
Heap:
 garbage-first heap   total 391168K, used 232448K [0x0000000080000000, 0x0000000100000000)
  region size 1024K, 16 young (16384K), 16 survivors (16384K)
 Metaspace       used 166817K, committed 167744K, reserved 1245184K
  class space    used 21485K, committed 21952K, reserved 1048576K
GC Heap History (20 events):
Event: 233.362 GC heap after
{Heap after GC invocations=74 (full 0):
 garbage-first heap   total 342016K, used 162038K [0x0000000080000000, 0x0000000100000000)
  region size 1024K, 7 young (7168K), 7 survivors (7168K)
 Metaspace       used 148465K, committed 149248K, reserved 1179648K
  class space    used 18992K, committed 19392K, reserved 1048576K
}
Event: 242.914 GC heap before
{Heap before GC invocations=74 (full 0):
 garbage-first heap   total 342016K, used 231670K [0x0000000080000000, 0x0000000100000000)
  region size 1024K, 75 young (76800K), 7 survivors (7168K)
 Metaspace       used 148603K, committed 149440K, reserved 1179648K
  class space    used 18993K, committed 19392K, reserved 1048576K
}
Event: 243.742 GC heap after
{Heap after GC invocations=75 (full 0):
 garbage-first heap   total 342016K, used 178794K [0x0000000080000000, 0x0000000100000000)
  region size 1024K, 10 young (10240K), 10 survivors (10240K)
 Metaspace       used 148603K, committed 149440K, reserved 1179648K
  class space    used 18993K, committed 19392K, reserved 1048576K
}
Event: 244.506 GC heap before
{Heap before GC invocations=75 (full 0):
 garbage-first heap   total 342016K, used 185962K [0x0000000080000000, 0x0000000100000000)
  region size 1024K, 16 young (16384K), 10 survivors (10240K)
 Metaspace       used 148643K, committed 149440K, reserved 1179648K
  class space    used 18993K, committed 19392K, reserved 1048576K
}
Event: 244.638 GC heap after
{Heap after GC invocations=76 (full 0):
 garbage-first heap   total 342016K, used 180736K [0x0000000080000000, 0x0000000100000000)
  region size 1024K, 2 young (2048K), 2 survivors (2048K)
 Metaspace       used 148643K, committed 149440K, reserved 1179648K
  class space    used 18993K, committed 19392K, reserved 1048576K
}
Event: 247.845 GC heap before
{Heap before GC invocations=77 (full 0):
 garbage-first heap   total 342016K, used 220672K [0x0000000080000000, 0x0000000100000000)
  region size 1024K, 41 young (41984K), 2 survivors (2048K)
 Metaspace       used 148805K, committed 149632K, reserved 1179648K
  class space    used 18993K, committed 19392K, reserved 1048576K
}
Event: 247.858 GC heap after
{Heap after GC invocations=78 (full 0):
 garbage-first heap   total 342016K, used 183149K [0x0000000080000000, 0x0000000100000000)
  region size 1024K, 4 young (4096K), 4 survivors (4096K)
 Metaspace       used 148805K, committed 149632K, reserved 1179648K
  class space    used 18993K, committed 19392K, reserved 1048576K
}
Event: 249.670 GC heap before
{Heap before GC invocations=78 (full 0):
 garbage-first heap   total 342016K, used 195437K [0x0000000080000000, 0x0000000100000000)
  region size 1024K, 16 young (16384K), 4 survivors (4096K)
 Metaspace       used 148821K, committed 149632K, reserved 1179648K
  class space    used 18994K, committed 19392K, reserved 1048576K
}
Event: 249.805 GC heap after
{Heap after GC invocations=79 (full 0):
 garbage-first heap   total 342016K, used 182369K [0x0000000080000000, 0x0000000100000000)
  region size 1024K, 2 young (2048K), 2 survivors (2048K)
 Metaspace       used 148821K, committed 149632K, reserved 1179648K
  class space    used 18994K, committed 19392K, reserved 1048576K
}
Event: 253.226 GC heap before
{Heap before GC invocations=79 (full 0):
 garbage-first heap   total 342016K, used 236641K [0x0000000080000000, 0x0000000100000000)
  region size 1024K, 55 young (56320K), 2 survivors (2048K)
 Metaspace       used 149851K, committed 150720K, reserved 1245184K
  class space    used 19056K, committed 19456K, reserved 1048576K
}
Event: 253.242 GC heap after
{Heap after GC invocations=80 (full 0):
 garbage-first heap   total 342016K, used 187939K [0x0000000080000000, 0x0000000100000000)
  region size 1024K, 7 young (7168K), 7 survivors (7168K)
 Metaspace       used 149851K, committed 150720K, reserved 1245184K
  class space    used 19056K, committed 19456K, reserved 1048576K
}
Event: 271.563 GC heap before
{Heap before GC invocations=80 (full 0):
 garbage-first heap   total 342016K, used 227875K [0x0000000080000000, 0x0000000100000000)
  region size 1024K, 46 young (47104K), 7 survivors (7168K)
 Metaspace       used 152315K, committed 153216K, reserved 1245184K
  class space    used 19228K, committed 19648K, reserved 1048576K
}
Event: 271.973 GC heap after
{Heap after GC invocations=81 (full 0):
 garbage-first heap   total 342016K, used 191980K [0x0000000080000000, 0x0000000100000000)
  region size 1024K, 4 young (4096K), 4 survivors (4096K)
 Metaspace       used 152315K, committed 153216K, reserved 1245184K
  class space    used 19228K, committed 19648K, reserved 1048576K
}
Event: 278.630 GC heap before
{Heap before GC invocations=81 (full 0):
 garbage-first heap   total 342016K, used 214508K [0x0000000080000000, 0x0000000100000000)
  region size 1024K, 27 young (27648K), 4 survivors (4096K)
 Metaspace       used 154015K, committed 154880K, reserved 1245184K
  class space    used 19480K, committed 19904K, reserved 1048576K
}
Event: 278.816 GC heap after
{Heap after GC invocations=82 (full 0):
 garbage-first heap   total 342016K, used 192899K [0x0000000080000000, 0x0000000100000000)
  region size 1024K, 2 young (2048K), 2 survivors (2048K)
 Metaspace       used 154015K, committed 154880K, reserved 1245184K
  class space    used 19480K, committed 19904K, reserved 1048576K
}
Event: 287.134 GC heap before
{Heap before GC invocations=83 (full 0):
 garbage-first heap   total 391168K, used 259459K [0x0000000080000000, 0x0000000100000000)
  region size 1024K, 66 young (67584K), 2 survivors (2048K)
 Metaspace       used 158975K, committed 159872K, reserved 1245184K
  class space    used 20370K, committed 20800K, reserved 1048576K
}
Event: 287.147 GC heap after
{Heap after GC invocations=84 (full 0):
 garbage-first heap   total 391168K, used 194933K [0x0000000080000000, 0x0000000100000000)
  region size 1024K, 4 young (4096K), 4 survivors (4096K)
 Metaspace       used 158975K, committed 159872K, reserved 1245184K
  class space    used 20370K, committed 20800K, reserved 1048576K
}
Event: 287.668 GC heap before
{Heap before GC invocations=84 (full 0):
 garbage-first heap   total 391168K, used 210293K [0x0000000080000000, 0x0000000100000000)
  region size 1024K, 19 young (19456K), 4 survivors (4096K)
 Metaspace       used 160080K, committed 160960K, reserved 1245184K
  class space    used 20539K, committed 20928K, reserved 1048576K
}
Event: 287.710 GC heap after
{Heap after GC invocations=85 (full 0):
 garbage-first heap   total 391168K, used 193938K [0x0000000080000000, 0x0000000100000000)
  region size 1024K, 1 young (1024K), 1 survivors (1024K)
 Metaspace       used 160080K, committed 160960K, reserved 1245184K
  class space    used 20539K, committed 20928K, reserved 1048576K
}
Event: 361.256 GC heap before
{Heap before GC invocations=85 (full 0):
 garbage-first heap   total 391168K, used 344466K [0x0000000080000000, 0x0000000100000000)
  region size 1024K, 124 young (126976K), 1 survivors (1024K)
 Metaspace       used 166817K, committed 167744K, reserved 1245184K
  class space    used 21485K, committed 21952K, reserved 1048576K
}

